[32m2024-11-06 12:22:37.437[0m | [1mINFO    [0m | [36m__main__[0m:[36mextract_chroma_vector_db[0m:[36m113[0m - [1mVector embedding database successfully loaded from ./chroma-test/[0m
[32m2024-11-06 12:23:27.201[0m | [1mINFO    [0m | [36mutils.utils[0m:[36mlog_message[0m:[36m4[0m - [1mundefined has asked the following question to Torstone Intelligence: Can I install SportsCoach on Iphone[0m
[32m2024-11-06 12:23:31.154[0m | [1mINFO    [0m | [36mconfluence_qa[0m:[36manswer_confluence[0m:[36m55[0m - [1mQuestion asked: Can I install SportsCoach on Iphone[0m
[32m2024-11-06 12:23:31.155[0m | [1mINFO    [0m | [36mconfluence_qa[0m:[36manswer_confluence[0m:[36m56[0m - [1mDocuments in which information was found: 
 https://kossaisbai.atlassian.net/wiki/spaces/~70121b0b301f69cfe404895a7ca7f302dcf38/pages/327681/User+Guide+for+Sports+Coaching+App
 https://kossaisbai.atlassian.net/wiki/spaces/~70121b0b301f69cfe404895a7ca7f302dcf38/pages/327681/User+Guide+for+Sports+Coaching+App[0m
[32m2024-11-06 12:23:31.155[0m | [1mINFO    [0m | [36mconfluence_qa[0m:[36manswer_confluence[0m:[36m57[0m - [1mChat history: 
 [{'role': 'HUMAN', 'content': 'Can I install SportsCoach on Iphone'}, {'role': 'AI', 'content': ' Yes, you can install SportsCoach on an iPhone by visiting the App Store and searching for "SportsCoach". Then, simply download and install the app, and grant any necessary permissions.', 'sources': [{'id': '327681', 'source': 'https://kossaisbai.atlassian.net/wiki/spaces/~70121b0b301f69cfe404895a7ca7f302dcf38/pages/327681/User+Guide+for+Sports+Coaching+App', 'title': 'User Guide for Sports Coaching App', 'when': '2024-11-06T08:27:14.496Z'}, {'id': '327681', 'source': 'https://kossaisbai.atlassian.net/wiki/spaces/~70121b0b301f69cfe404895a7ca7f302dcf38/pages/327681/User+Guide+for+Sports+Coaching+App', 'title': 'User Guide for Sports Coaching App', 'when': '2024-11-06T08:27:14.496Z'}]}][0m
[32m2024-11-06 12:23:31.156[0m | [1mINFO    [0m | [36mconfluence_qa[0m:[36manswer_confluence[0m:[36m58[0m - [1mAnswer to the question:
  Yes, you can install SportsCoach on an iPhone by visiting the App Store and searching for "SportsCoach". Then, simply download and install the app, and grant any necessary permissions.[0m
[32m2024-11-06 12:25:34.933[0m | [1mINFO    [0m | [36mutils.utils[0m:[36mlog_message[0m:[36m4[0m - [1mundefined has asked the following question to Torstone Intelligence: What about Android?[0m
[32m2024-11-06 12:25:36.973[0m | [1mINFO    [0m | [36mconfluence_qa[0m:[36manswer_confluence[0m:[36m55[0m - [1mQuestion asked: What about Android?[0m
[32m2024-11-06 12:25:36.974[0m | [1mINFO    [0m | [36mconfluence_qa[0m:[36manswer_confluence[0m:[36m56[0m - [1mDocuments in which information was found: 
 https://kossaisbai.atlassian.net/wiki/spaces/~70121b0b301f69cfe404895a7ca7f302dcf38/pages/327681/User+Guide+for+Sports+Coaching+App
 https://kossaisbai.atlassian.net/wiki/spaces/~70121b0b301f69cfe404895a7ca7f302dcf38/pages/327681/User+Guide+for+Sports+Coaching+App[0m
[32m2024-11-06 12:25:36.975[0m | [1mINFO    [0m | [36mconfluence_qa[0m:[36manswer_confluence[0m:[36m57[0m - [1mChat history: 
 [{'role': 'HUMAN', 'content': 'Can I install SportsCoach on Iphone'}, {'role': 'AI', 'content': ' Yes, you can install SportsCoach on an iPhone by visiting the App Store and searching for "SportsCoach". Then, simply download and install the app, and grant any necessary permissions.', 'sources': [{'id': '327681', 'source': 'https://kossaisbai.atlassian.net/wiki/spaces/~70121b0b301f69cfe404895a7ca7f302dcf38/pages/327681/User+Guide+for+Sports+Coaching+App', 'title': 'User Guide for Sports Coaching App', 'when': '2024-11-06T08:27:14.496Z'}, {'id': '327681', 'source': 'https://kossaisbai.atlassian.net/wiki/spaces/~70121b0b301f69cfe404895a7ca7f302dcf38/pages/327681/User+Guide+for+Sports+Coaching+App', 'title': 'User Guide for Sports Coaching App', 'when': '2024-11-06T08:27:14.496Z'}]}, {'role': 'HUMAN', 'content': 'What about Android?'}, {'role': 'AI', 'content': ' Yes, SportsCoach is available for download on both iOS and Android devices. Simply search for "SportsCoach" in the App Store (iOS) or Google Play Store (Android) and download the app to get started.', 'sources': [{'id': '327681', 'source': 'https://kossaisbai.atlassian.net/wiki/spaces/~70121b0b301f69cfe404895a7ca7f302dcf38/pages/327681/User+Guide+for+Sports+Coaching+App', 'title': 'User Guide for Sports Coaching App', 'when': '2024-11-06T08:27:14.496Z'}, {'id': '327681', 'source': 'https://kossaisbai.atlassian.net/wiki/spaces/~70121b0b301f69cfe404895a7ca7f302dcf38/pages/327681/User+Guide+for+Sports+Coaching+App', 'title': 'User Guide for Sports Coaching App', 'when': '2024-11-06T08:27:14.496Z'}]}][0m
[32m2024-11-06 12:25:36.975[0m | [1mINFO    [0m | [36mconfluence_qa[0m:[36manswer_confluence[0m:[36m58[0m - [1mAnswer to the question:
  Yes, SportsCoach is available for download on both iOS and Android devices. Simply search for "SportsCoach" in the App Store (iOS) or Google Play Store (Android) and download the app to get started.[0m
[32m2024-11-06 13:12:26.118[0m | [1mINFO    [0m | [36mutils.utils[0m:[36mlog_message[0m:[36m4[0m - [1mundefined has asked the following question to Torstone Intelligence: fwff2323[0m
[32m2024-11-06 13:12:30.093[0m | [1mINFO    [0m | [36mconfluence_qa[0m:[36manswer_confluence[0m:[36m55[0m - [1mQuestion asked: fwff2323[0m
[32m2024-11-06 13:12:30.094[0m | [1mINFO    [0m | [36mconfluence_qa[0m:[36manswer_confluence[0m:[36m56[0m - [1mDocuments in which information was found: 
 https://kossaisbai.atlassian.net/wiki/spaces/~70121b0b301f69cfe404895a7ca7f302dcf38/pages/327681/User+Guide+for+Sports+Coaching+App
 https://kossaisbai.atlassian.net/wiki/spaces/~70121b0b301f69cfe404895a7ca7f302dcf38/pages/327681/User+Guide+for+Sports+Coaching+App[0m
[32m2024-11-06 13:12:30.095[0m | [1mINFO    [0m | [36mconfluence_qa[0m:[36manswer_confluence[0m:[36m57[0m - [1mChat history: 
 [{'role': 'HUMAN', 'content': 'Can I install SportsCoach on Iphone'}, {'role': 'AI', 'content': ' Yes, you can install SportsCoach on an iPhone by visiting the App Store and searching for "SportsCoach". Then, simply download and install the app, and grant any necessary permissions.', 'sources': [{'id': '327681', 'source': 'https://kossaisbai.atlassian.net/wiki/spaces/~70121b0b301f69cfe404895a7ca7f302dcf38/pages/327681/User+Guide+for+Sports+Coaching+App', 'title': 'User Guide for Sports Coaching App', 'when': '2024-11-06T08:27:14.496Z'}, {'id': '327681', 'source': 'https://kossaisbai.atlassian.net/wiki/spaces/~70121b0b301f69cfe404895a7ca7f302dcf38/pages/327681/User+Guide+for+Sports+Coaching+App', 'title': 'User Guide for Sports Coaching App', 'when': '2024-11-06T08:27:14.496Z'}]}, {'role': 'HUMAN', 'content': 'What about Android?'}, {'role': 'AI', 'content': ' Yes, SportsCoach is available for download on both iOS and Android devices. Simply search for "SportsCoach" in the App Store (iOS) or Google Play Store (Android) and download the app to get started.', 'sources': [{'id': '327681', 'source': 'https://kossaisbai.atlassian.net/wiki/spaces/~70121b0b301f69cfe404895a7ca7f302dcf38/pages/327681/User+Guide+for+Sports+Coaching+App', 'title': 'User Guide for Sports Coaching App', 'when': '2024-11-06T08:27:14.496Z'}, {'id': '327681', 'source': 'https://kossaisbai.atlassian.net/wiki/spaces/~70121b0b301f69cfe404895a7ca7f302dcf38/pages/327681/User+Guide+for+Sports+Coaching+App', 'title': 'User Guide for Sports Coaching App', 'when': '2024-11-06T08:27:14.496Z'}]}, {'role': 'HUMAN', 'content': 'fwff2323'}, {'role': 'AI', 'content': ' Yes, you can install SportsCoach on an Android device by visiting the Google Play Store and searching for "[App Name]." Once you find the app, click "Install" to download it onto your device.', 'sources': [{'id': '327681', 'source': 'https://kossaisbai.atlassian.net/wiki/spaces/~70121b0b301f69cfe404895a7ca7f302dcf38/pages/327681/User+Guide+for+Sports+Coaching+App', 'title': 'User Guide for Sports Coaching App', 'when': '2024-11-06T08:27:14.496Z'}, {'id': '327681', 'source': 'https://kossaisbai.atlassian.net/wiki/spaces/~70121b0b301f69cfe404895a7ca7f302dcf38/pages/327681/User+Guide+for+Sports+Coaching+App', 'title': 'User Guide for Sports Coaching App', 'when': '2024-11-06T08:27:14.496Z'}]}][0m
[32m2024-11-06 13:12:30.095[0m | [1mINFO    [0m | [36mconfluence_qa[0m:[36manswer_confluence[0m:[36m58[0m - [1mAnswer to the question:
  Yes, you can install SportsCoach on an Android device by visiting the Google Play Store and searching for "[App Name]." Once you find the app, click "Install" to download it onto your device.[0m
[32m2024-11-06 13:16:10.197[0m | [1mINFO    [0m | [36m__main__[0m:[36mextract_chroma_vector_db[0m:[36m113[0m - [1mVector embedding database successfully loaded from ./chroma-test/[0m
[32m2024-11-06 13:16:26.487[0m | [1mINFO    [0m | [36mutils.utils[0m:[36mlog_message[0m:[36m4[0m - [1mundefined has asked the following question to Torstone Intelligence: Hey how are you?[0m
[32m2024-11-06 13:16:28.684[0m | [1mINFO    [0m | [36mconfluence_qa[0m:[36manswer_confluence[0m:[36m55[0m - [1mQuestion asked: Hey how are you?[0m
[32m2024-11-06 13:16:28.684[0m | [1mINFO    [0m | [36mconfluence_qa[0m:[36manswer_confluence[0m:[36m56[0m - [1mDocuments in which information was found: 
 https://kossaisbai.atlassian.net/wiki/spaces/SD/pages/131252/Template+-+Meeting+notes
 https://kossaisbai.atlassian.net/wiki/spaces/SD/pages/131252/Template+-+Meeting+notes[0m
[32m2024-11-06 13:16:28.684[0m | [1mINFO    [0m | [36mconfluence_qa[0m:[36manswer_confluence[0m:[36m57[0m - [1mChat history: 
 [{'role': 'HUMAN', 'content': 'Hey how are you?'}, {'role': 'AI', 'content': ' I am a chatbot and do not have emotions. Is there a specific question I can assist you with?', 'sources': [{'id': '131252', 'source': 'https://kossaisbai.atlassian.net/wiki/spaces/SD/pages/131252/Template+-+Meeting+notes', 'title': 'Template - Meeting notes', 'when': '2024-11-06T08:17:29.932Z'}, {'id': '131252', 'source': 'https://kossaisbai.atlassian.net/wiki/spaces/SD/pages/131252/Template+-+Meeting+notes', 'title': 'Template - Meeting notes', 'when': '2024-11-06T08:17:29.932Z'}]}][0m
[32m2024-11-06 13:16:28.684[0m | [1mINFO    [0m | [36mconfluence_qa[0m:[36manswer_confluence[0m:[36m58[0m - [1mAnswer to the question:
  I am a chatbot and do not have emotions. Is there a specific question I can assist you with?[0m
[32m2024-11-06 16:05:34.253[0m | [1mINFO    [0m | [36m__main__[0m:[36mextract_chroma_vector_db[0m:[36m113[0m - [1mVector embedding database successfully loaded from ./chroma-test/[0m
[32m2024-11-06 16:56:20.522[0m | [1mINFO    [0m | [36mVectorDbManager[0m:[36mvector_db_confluence_docs[0m:[36m28[0m - [1mLoading Confluence documents[0m
[32m2024-11-06 16:56:20.523[0m | [1mINFO    [0m | [36mVectorDbManager[0m:[36mvector_db_confluence_docs[0m:[36m30[0m - [1mSplitting texts[0m
[32m2024-11-06 16:56:20.524[0m | [1mINFO    [0m | [36mVectorDbManager[0m:[36mprocess_batches[0m:[36m44[0m - [1mProcessing batch from 0 to 50[0m
[32m2024-11-06 16:56:20.524[0m | [1mINFO    [0m | [36mVectorDbManager[0m:[36madd_documents_batch_to_vector_db[0m:[36m50[0m - [1mStoring batch in vector database[0m
[32m2024-11-06 16:56:21.855[0m | [1mINFO    [0m | [36mVectorDbManager[0m:[36madd_documents_batch_to_vector_db[0m:[36m52[0m - [1mBatch stored successfully[0m
[32m2024-11-06 16:56:21.855[0m | [1mINFO    [0m | [36mVectorDbManager[0m:[36mvector_db_confluence_docs[0m:[36m39[0m - [1mVector embedding database successfully created and stored in ./chroma-test/[0m
[32m2024-11-06 16:58:53.115[0m | [1mINFO    [0m | [36mutils.utils[0m:[36mlog_message[0m:[36m4[0m - [1mundefined has asked the following question to Torstone Intelligence: WHat is the name of the sports coach app?[0m
[32m2024-11-06 16:58:55.363[0m | [1mINFO    [0m | [36mconfluence_qa[0m:[36manswer_confluence[0m:[36m55[0m - [1mQuestion asked: WHat is the name of the sports coach app?[0m
[32m2024-11-06 16:58:55.364[0m | [1mINFO    [0m | [36mconfluence_qa[0m:[36manswer_confluence[0m:[36m56[0m - [1mDocuments in which information was found: 
 https://kossaisbai.atlassian.net/wiki/spaces/~70121b0b301f69cfe404895a7ca7f302dcf38/pages/327681/User+Guide+for+Sports+Coaching+App
 https://kossaisbai.atlassian.net/wiki/spaces/~70121b0b301f69cfe404895a7ca7f302dcf38/pages/819201/2.+Technical+Documentation[0m
[32m2024-11-06 16:58:55.364[0m | [1mINFO    [0m | [36mconfluence_qa[0m:[36manswer_confluence[0m:[36m57[0m - [1mChat history: 
 [{'role': 'HUMAN', 'content': 'WHat is the name of the sports coach app?'}, {'role': 'AI', 'content': ' The name of the sports coach app is not specified in the context provided. Please provide more information for a more accurate answer.', 'sources': [{'id': '327681', 'source': 'https://kossaisbai.atlassian.net/wiki/spaces/~70121b0b301f69cfe404895a7ca7f302dcf38/pages/327681/User+Guide+for+Sports+Coaching+App', 'title': 'User Guide for Sports Coaching App', 'when': '2024-11-06T08:27:14.496Z'}, {'id': '819201', 'source': 'https://kossaisbai.atlassian.net/wiki/spaces/~70121b0b301f69cfe404895a7ca7f302dcf38/pages/819201/2.+Technical+Documentation', 'title': '2. Technical Documentation', 'when': '2024-11-06T08:30:10.259Z'}]}][0m
[32m2024-11-06 16:58:55.364[0m | [1mINFO    [0m | [36mconfluence_qa[0m:[36manswer_confluence[0m:[36m58[0m - [1mAnswer to the question:
  The name of the sports coach app is not specified in the context provided. Please provide more information for a more accurate answer.[0m
